{
    "Instances": [
        {
            "Monitoring": {
                "State": "disabled"
            }, 
            "PublicDnsName": "", 
            "StateReason": {
                "Message": "pending", 
                "Code": "pending"
            }, 
            "State": {
                "Code": 0, 
                "Name": "pending"
            }, 
            "EbsOptimized": false, 
            "LaunchTime": "2019-05-02T15:11:45.000Z", 
            "PrivateIpAddress": "172.31.95.236", 
            "ProductCodes": [], 
            "VpcId": "vpc-9ec272e4", 
            "CpuOptions": {
                "CoreCount": 1, 
                "ThreadsPerCore": 1
            }, 
            "StateTransitionReason": "", 
            "InstanceId": "i-0c3380ea668e19723", 
            "ImageId": "ami-0080e4c5bc078760e", 
            "PrivateDnsName": "ip-172-31-95-236.ec2.internal", 
            "KeyName": "vasudha-key", 
            "SecurityGroups": [
                {
                    "GroupName": "default", 
                    "GroupId": "sg-862207c4"
                }
            ], 
            "ClientToken": "", 
            "SubnetId": "subnet-f0ef8cde", 
            "InstanceType": "t2.micro", 
            "NetworkInterfaces": [
                {
                    "Status": "in-use", 
                    "MacAddress": "12:9a:b7:88:a6:9a", 
                    "SourceDestCheck": true, 
                    "VpcId": "vpc-9ec272e4", 
                    "Description": "", 
                    "NetworkInterfaceId": "eni-0df035ce04f5dda83", 
                    "PrivateIpAddresses": [
                        {
                            "PrivateDnsName": "ip-172-31-95-236.ec2.internal", 
                            "Primary": true, 
                            "PrivateIpAddress": "172.31.95.236"
                        }
                    ], 
                    "PrivateDnsName": "ip-172-31-95-236.ec2.internal", 
                    "Attachment": {
                        "Status": "attaching", 
                        "DeviceIndex": 0, 
                        "DeleteOnTermination": true, 
                        "AttachmentId": "eni-attach-051bebadbb5c9a5ba", 
                        "AttachTime": "2019-05-02T15:11:45.000Z"
                    }, 
                    "Groups": [
                        {
                            "GroupName": "default", 
                            "GroupId": "sg-862207c4"
                        }
                    ], 
                    "Ipv6Addresses": [], 
                    "OwnerId": "733786882760", 
                    "SubnetId": "subnet-f0ef8cde", 
                    "PrivateIpAddress": "172.31.95.236"
                }
            ], 
            "SourceDestCheck": true, 
            "Placement": {
                "Tenancy": "default", 
                "GroupName": "", 
                "AvailabilityZone": "us-east-1c"
            }, 
            "Hypervisor": "xen", 
            "BlockDeviceMappings": [], 
            "Architecture": "x86_64", 
            "RootDeviceType": "ebs", 
            "RootDeviceName": "/dev/xvda", 
            "VirtualizationType": "hvm", 
            "AmiLaunchIndex": 0
        }
    ], 
    "ReservationId": "r-0902cfbfb688cb820", 
    "Groups": [], 
    "OwnerId": "733786882760"
}
